<?xml version="1.0" encoding="UTF-8" ?>
<testsuite errors="0" failures="0" hostname="BDC8-LX-B627QQ2" name="test.calc.AgeCalcTest" skipped="0" tests="2" time="0.388" timestamp="2018-08-28T08:01:34">
  <properties>
[...]
</properties>
  <testcase classname="test.calc.AgeCalcTest" name="testCalculateAge_1" time="0.317" />
  <testcase classname="test.calc.AgeCalcTest" name="testCalculateAge_2" time="0.0" />
  <system-out><![CDATA[13:31:34,667 |-INFO in ch.qos.logback.classic.LoggerContext[default] - Could NOT find resource [logback.groovy]
13:31:34,668 |-INFO in ch.qos.logback.classic.LoggerContext[default] - Could NOT find resource [logback-test.xml]
13:31:34,668 |-INFO in ch.qos.logback.classic.LoggerContext[default] - Found resource [logback.xml] at [jar:file:/C:/cobertura-2.1.1/cobertura-2.1.1-sources.jar!/logback.xml]
13:31:34,670 |-WARN in ch.qos.logback.classic.LoggerContext[default] - Resource [logback.xml] occurs multiple times on the classpath.
13:31:34,670 |-WARN in ch.qos.logback.classic.LoggerContext[default] - Resource [logback.xml] occurs at [jar:file:/C:/cobertura-2.1.1/cobertura-2.1.1-sources.jar!/logback.xml]
13:31:34,670 |-WARN in ch.qos.logback.classic.LoggerContext[default] - Resource [logback.xml] occurs at [jar:file:/C:/cobertura-2.1.1/cobertura-2.1.1.jar!/logback.xml]
13:31:34,690 |-INFO in ch.qos.logback.core.joran.spi.ConfigurationWatchList@4590c9c3 - URL [jar:file:/C:/cobertura-2.1.1/cobertura-2.1.1-sources.jar!/logback.xml] is not of type file
13:31:34,741 |-INFO in ch.qos.logback.classic.joran.action.ConfigurationAction - debug attribute not set
13:31:34,743 |-INFO in ch.qos.logback.core.joran.action.AppenderAction - About to instantiate appender of type [ch.qos.logback.core.ConsoleAppender]
13:31:34,751 |-INFO in ch.qos.logback.core.joran.action.AppenderAction - Naming appender as [STDOUT]
13:31:34,771 |-INFO in ch.qos.logback.core.joran.action.NestedComplexPropertyIA - Assuming default type [ch.qos.logback.classic.encoder.PatternLayoutEncoder] for [encoder] property
13:31:34,845 |-INFO in ch.qos.logback.classic.joran.action.LoggerAction - Setting level of logger [net.sourceforge.cobertura] to INFO
13:31:34,845 |-INFO in ch.qos.logback.classic.joran.action.RootLoggerAction - Setting level of ROOT logger to DEBUG
13:31:34,845 |-INFO in ch.qos.logback.core.joran.action.AppenderRefAction - Attaching appender named [STDOUT] to Logger[ROOT]
13:31:34,845 |-INFO in ch.qos.logback.classic.joran.action.ConfigurationAction - End of configuration.
13:31:34,846 |-INFO in ch.qos.logback.classic.joran.JoranConfigurator@32e6e9c3 - Registering current configuration as safe fallback point

]]></system-out>
  <system-err><![CDATA[]]></system-err>
</testsuite>
